#
# There is insufficient memory for the Java Runtime Environment to continue.
# Native memory allocation (malloc) failed to allocate 1048576 bytes for AllocateHeap
# Possible reasons:
#   The system is out of physical RAM or swap space
#   In 32 bit mode, the process size limit was hit
# Possible solutions:
#   Reduce memory load on the system
#   Increase physical memory or swap space
#   Check if swap backing store is full
#   Use 64 bit Java on a 64 bit OS
#   Decrease Java heap size (-Xmx/-Xms)
#   Decrease number of Java threads
#   Decrease Java thread stack sizes (-Xss)
#   Set larger code cache with -XX:ReservedCodeCacheSize=
# This output file may be truncated or incomplete.
#
#  Out of Memory Error (memory/allocation.inline.hpp:61), pid=21080, tid=0x0000000000006350
#
# JRE version:  (8.0_141-b15) (build )
# Java VM: Java HotSpot(TM) 64-Bit Server VM (25.141-b15 mixed mode windows-amd64 compressed oops)
# Failed to write core dump. Minidumps are not enabled by default on client versions of Windows
#

---------------  T H R E A D  ---------------

Current thread (0x0000000002b7d000):  JavaThread "Unknown thread" [_thread_in_vm, id=25424, stack(0x0000000003010000,0x0000000003110000)]

Stack: [0x0000000003010000,0x0000000003110000]
[error occurred during error reporting (printing stack bounds), id 0xc0000005]

Native frames: (J=compiled Java code, j=interpreted, Vv=VM code, C=native code)


---------------  P R O C E S S  ---------------

Java Threads: ( => current thread )

Other Threads:

=>0x0000000002b7d000 (exited) JavaThread "Unknown thread" [_thread_in_vm, id=25424, stack(0x0000000003010000,0x0000000003110000)]

VM state:not at safepoint (normal execution)

VM Mutex/Monitor currently owned by a thread: None

Heap:
 PSYoungGen      total 76288K, used 1310K [0x000000076b400000, 0x0000000770900000, 0x00000007c0000000)
  eden space 65536K, 2% used [0x000000076b400000,0x000000076b547af0,0x000000076f400000)
  from space 10752K, 0% used [0x000000076fe80000,0x000000076fe80000,0x0000000770900000)
  to   space 10752K, 0% used [0x000000076f400000,0x000000076f400000,0x000000076fe80000)
 ParOldGen       total 175104K, used 0K [0x00000006c1c00000, 0x00000006cc700000, 0x000000076b400000)
  object space 175104K, 0% used [0x00000006c1c00000,0x00000006c1c00000,0x00000006cc700000)
 Metaspace       used 770K, capacity 4480K, committed 4480K, reserved 1056768K
  class space    used 75K, capacity 384K, committed 384K, reserved 1048576K

Card table byte_map: [0x0000000012750000,0x0000000012f50000] byte_map_base: 0x000000000f142000

Marking Bits: (ParMarkBitMap*) 0x0000000053bdd850
 Begin Bits: [0x0000000013ca0000, 0x0000000017c30000)
 End Bits:   [0x0000000017c30000, 0x000000001bbc0000)

Polling page: 0x0000000002ac0000

CodeCache: size=245760Kb used=328Kb max_used=328Kb free=245431Kb
 bounds [0x0000000003390000, 0x0000000003600000, 0x0000000012390000]
 total_blobs=58 nmethods=0 adapters=38
 compilation: enabled

Compilation events (0 events):
No events

GC Heap History (0 events):
No events

Deoptimization events (0 events):
No events

Internal exceptions (0 events):
No events

Events (10 events):
Event: 0.051 loading class java/lang/Short
Event: 0.052 loading class java/lang/Short done
Event: 0.052 loading class java/lang/Integer
Event: 0.052 loading class java/lang/Integer done
Event: 0.052 loading class java/lang/Long
Event: 0.052 loading class java/lang/Long done
Event: 0.053 loading class java/lang/NullPointerException
Event: 0.053 loading class java/lang/NullPointerException done
Event: 0.053 loading class java/lang/ArithmeticException
Event: 0.053 loading class java/lang/ArithmeticException done


Dynamic libraries:
0x00007ff6c6810000 - 0x00007ff6c6847000 	D:\jdk\bin\java.exe
0x00007ffb61770000 - 0x00007ffb61965000 	C:\WINDOWS\SYSTEM32\ntdll.dll
0x00007ffb5f800000 - 0x00007ffb5f8be000 	C:\WINDOWS\System32\KERNEL32.DLL
0x00007ffb5f490000 - 0x00007ffb5f758000 	C:\WINDOWS\System32\KERNELBASE.dll
0x00007ffb614d0000 - 0x00007ffb6157c000 	C:\WINDOWS\System32\ADVAPI32.dll
0x00007ffb60ba0000 - 0x00007ffb60c3e000 	C:\WINDOWS\System32\msvcrt.dll
0x00007ffb60a70000 - 0x00007ffb60b0b000 	C:\WINDOWS\System32\sechost.dll
0x00007ffb60d70000 - 0x00007ffb60e9a000 	C:\WINDOWS\System32\RPCRT4.dll
0x00007ffb61580000 - 0x00007ffb61721000 	C:\WINDOWS\System32\USER32.dll
0x00007ffb5f2f0000 - 0x00007ffb5f312000 	C:\WINDOWS\System32\win32u.dll
0x00007ffb5f7b0000 - 0x00007ffb5f7db000 	C:\WINDOWS\System32\GDI32.dll
0x00007ffb5f380000 - 0x00007ffb5f48d000 	C:\WINDOWS\System32\gdi32full.dll
0x00007ffb5f250000 - 0x00007ffb5f2ed000 	C:\WINDOWS\System32\msvcp_win.dll
0x00007ffb5f070000 - 0x00007ffb5f170000 	C:\WINDOWS\System32\ucrtbase.dll
0x00007ffb4e9d0000 - 0x00007ffb4ec6a000 	C:\WINDOWS\WinSxS\amd64_microsoft.windows.common-controls_6595b64144ccf1df_6.0.19041.1110_none_60b5254171f9507e\COMCTL32.dll
0x00007ffb61490000 - 0x00007ffb614c0000 	C:\WINDOWS\System32\IMM32.DLL
0x0000000053c60000 - 0x0000000053d32000 	D:\jdk\jre\bin\msvcr100.dll
0x00000000533c0000 - 0x0000000053c5d000 	D:\jdk\jre\bin\server\jvm.dll
0x00007ffb603a0000 - 0x00007ffb603a8000 	C:\WINDOWS\System32\PSAPI.DLL
0x00007ffb48050000 - 0x00007ffb48059000 	C:\WINDOWS\SYSTEM32\WSOCK32.dll
0x00007ffb58b60000 - 0x00007ffb58b6a000 	C:\WINDOWS\SYSTEM32\VERSION.dll
0x00007ffb4d6f0000 - 0x00007ffb4d717000 	C:\WINDOWS\SYSTEM32\WINMM.dll
0x00007ffb609a0000 - 0x00007ffb60a0b000 	C:\WINDOWS\System32\WS2_32.dll
0x00000000533b0000 - 0x00000000533bf000 	D:\jdk\jre\bin\verify.dll
0x0000000053380000 - 0x00000000533a9000 	D:\jdk\jre\bin\java.dll
0x0000000053160000 - 0x0000000053183000 	D:\jdk\jre\bin\instrument.dll
0x0000000053360000 - 0x0000000053376000 	D:\jdk\jre\bin\zip.dll

VM Arguments:
jvm_args: -javaagent:D:\JetBrains\IntelliJ IDEA 2020.1\lib\idea_rt.jar=63675:D:\JetBrains\IntelliJ IDEA 2020.1\bin -Dfile.encoding=UTF-8 
java_command: com.example.demo.test.webservicelocal
java_class_path (initial): D:\jdk\jre\lib\charsets.jar;D:\jdk\jre\lib\deploy.jar;D:\jdk\jre\lib\ext\access-bridge-64.jar;D:\jdk\jre\lib\ext\cldrdata.jar;D:\jdk\jre\lib\ext\dnsns.jar;D:\jdk\jre\lib\ext\jaccess.jar;D:\jdk\jre\lib\ext\jfxrt.jar;D:\jdk\jre\lib\ext\localedata.jar;D:\jdk\jre\lib\ext\nashorn.jar;D:\jdk\jre\lib\ext\sunec.jar;D:\jdk\jre\lib\ext\sunjce_provider.jar;D:\jdk\jre\lib\ext\sunmscapi.jar;D:\jdk\jre\lib\ext\sunpkcs11.jar;D:\jdk\jre\lib\ext\zipfs.jar;D:\jdk\jre\lib\javaws.jar;D:\jdk\jre\lib\jce.jar;D:\jdk\jre\lib\jfr.jar;D:\jdk\jre\lib\jfxswt.jar;D:\jdk\jre\lib\jsse.jar;D:\jdk\jre\lib\management-agent.jar;D:\jdk\jre\lib\plugin.jar;D:\jdk\jre\lib\resources.jar;D:\jdk\jre\lib\rt.jar;D:\IdeaProjects\test\lzTest\demo\target\classes;D:\maven-repository\org\springframework\boot\spring-boot-starter\2.2.0.RELEASE\spring-boot-starter-2.2.0.RELEASE.jar;D:\maven-repository\org\springframework\boot\spring-boot\2.2.0.RELEASE\spring-boot-2.2.0.RELEASE.jar;D:\maven-repository\org\springframework\spring-context\5.2.0.RELEASE\spring-context-5.2.0.RELEASE.jar;D:\maven-repository\org\springframework\spring-aop\5.2.0.RELEASE\spring-aop-5.2.0.RELEASE.jar;D:\maven-repository\org\springframework\spring-beans\5.2.0.RELEASE\spring-beans-5.2.0.RELEASE.jar;D:\maven-repository\org\springframework\spring-expression\5.2.0.RELEASE\spring-expression-5.2.0.RELEASE.jar;D:\maven-repository\org\springframework\boot\spring-boot-autoconfigure\2.2.0.RELEASE\spring-boot-autoconfigure-2.2.0.RELEASE.jar;D:\maven-repository\org\springframework\boot\spring-boot-starter-logging\2.2.0.RELEASE\spring-boot-starter-logging-2.2.0.RELEASE.jar;D:\maven-repository\ch\qos\logback\logback-classic\1.2.3\logback-classic-1.2.3.jar;D:\maven-repository\ch\qos\logback\logback-core\1.2.3\logback-core-1.2.3.jar;D:\maven-repository\org\apache\logging\log4j\log4j-to-slf4j\2.12.1\log4j-to-slf4j-2.12.1.jar;D:\maven-repository\org\apache\logging\log4j\log4j-api\2.12.1\log4j-api-2.12.1.jar;D:\maven-repository\org\slf
Launcher Type: SUN_STANDARD

Environment Variables:
JAVA_HOME=D:\jdk
PATH=D:\jdk\bin;D:\tomcat\apache-tomcat-8.5.50\lib;D:\tomcat\apache-tomcat-8.5.50\bin;C:\Windows\system32;C:\Windows;C:\Windows\System32\Wbem;C:\Windows\System32\WindowsPowerShell\v1.0\;C:\Windows\System32\OpenSSH\;C:\Program Files (x86)\Intel\Intel(R) Management Engine Components\DAL;C:\Program Files\Intel\Intel(R) Management Engine Components\DAL;C:\Program Files\Intel\WiFi\bin\;C:\Program Files\Common Files\Intel\WirelessCommon\;C:\Program Files (x86)\NVIDIA Corporation\PhysX\Common;C:\Program Files\NVIDIA Corporation\NVIDIA NvDLISR;D:\maven\apache-maven-3.6.2\bin;%MYSQL_HOME%\bin;D:\Git\cmd;D:\nodejs;C:\WINDOWS\system32;C:\WINDOWS;C:\WINDOWS\System32\Wbem;C:\WINDOWS\System32\WindowsPowerShell\v1.0\;C:\WINDOWS\System32\OpenSSH\;D:\nodejs\;D:\TortoiseGit\bin;D:\Python\Python39-32;C:\Users\liuze\AppData\Local\Microsoft\WindowsApps;C:\Users\liuze\AppData\Local\BypassRuntm;C:\Program Files\Intel\WiFi\bin\;C:\Program Files\Common Files\Intel\WirelessCommon\;C:\Users\liuze\AppData\Local\Microsoft\WindowsApps;D:\VSCode\bin;C:\Users\liuze\AppData\Roaming\npm;D:\Python;
USERNAME=liuze
OS=Windows_NT
PROCESSOR_IDENTIFIER=Intel64 Family 6 Model 142 Stepping 12, GenuineIntel



---------------  S Y S T E M  ---------------

OS: Windows 10.0 , 64 bit Build 19041 (10.0.19041.1348)

CPU:total 8 (initial active 8) (4 cores per cpu, 2 threads per core) family 6 model 142 stepping 12, cmov, cx8, fxsr, mmx, sse, sse2, sse3, ssse3, sse4.1, sse4.2, popcnt, avx, avx2, aes, clmul, erms, 3dnowpref, lzcnt, ht, tsc, tscinvbit, bmi1, bmi2, adx

Memory: 4k page, physical 16657696k(1311280k free), swap 36243636k(5192k free)

vm_info: Java HotSpot(TM) 64-Bit Server VM (25.141-b15) for windows-amd64 JRE (1.8.0_141-b15), built on Jul 12 2017 04:25:12 by "java_re" with MS VC++ 10.0 (VS2010)

time: Mon Jan 10 16:13:27 2022
elapsed time: 0 seconds (0d 0h 0m 0s)

