#
# There is insufficient memory for the Java Runtime Environment to continue.
# Native memory allocation (malloc) failed to allocate 32744 bytes for ChunkPool::allocate
# Possible reasons:
#   The system is out of physical RAM or swap space
#   In 32 bit mode, the process size limit was hit
# Possible solutions:
#   Reduce memory load on the system
#   Increase physical memory or swap space
#   Check if swap backing store is full
#   Use 64 bit Java on a 64 bit OS
#   Decrease Java heap size (-Xmx/-Xms)
#   Decrease number of Java threads
#   Decrease Java thread stack sizes (-Xss)
#   Set larger code cache with -XX:ReservedCodeCacheSize=
# This output file may be truncated or incomplete.
#
#  Out of Memory Error (allocation.cpp:273), pid=25388, tid=0x00000000000065dc
#
# JRE version: Java(TM) SE Runtime Environment (8.0_141-b15) (build 1.8.0_141-b15)
# Java VM: Java HotSpot(TM) 64-Bit Server VM (25.141-b15 mixed mode windows-amd64 compressed oops)
# Failed to write core dump. Minidumps are not enabled by default on client versions of Windows
#

---------------  T H R E A D  ---------------

Current thread (0x000000001e594000):  JavaThread "C2 CompilerThread0" daemon [_thread_in_native, id=26076, stack(0x000000001ecc0000,0x000000001edc0000)]

Stack: [0x000000001ecc0000,0x000000001edc0000]
[error occurred during error reporting (printing stack bounds), id 0xc0000005]

Native frames: (J=compiled Java code, j=interpreted, Vv=VM code, C=native code)


Current CompileTask:
C2:   3534 2059       4       java.io.WinNTFileSystem::normalize (231 bytes)


---------------  P R O C E S S  ---------------

Java Threads: ( => current thread )
  0x000000001e653800 JavaThread "Service Thread" daemon [_thread_blocked, id=17640, stack(0x000000001f0c0000,0x000000001f1c0000)]
  0x000000001e5a9000 JavaThread "C1 CompilerThread3" daemon [_thread_blocked, id=28844, stack(0x000000001efc0000,0x000000001f0c0000)]
  0x000000001e59a800 JavaThread "C2 CompilerThread2" daemon [_thread_in_native, id=23048, stack(0x000000001eec0000,0x000000001efc0000)]
  0x000000001e594800 JavaThread "C2 CompilerThread1" daemon [_thread_in_native, id=25840, stack(0x000000001edc0000,0x000000001eec0000)]
=>0x000000001e594000 JavaThread "C2 CompilerThread0" daemon [_thread_in_native, id=26076, stack(0x000000001ecc0000,0x000000001edc0000)]
  0x000000001e580000 JavaThread "Monitor Ctrl-Break" daemon [_thread_in_native, id=29552, stack(0x000000001ebc0000,0x000000001ecc0000)]
  0x000000001e4f6800 JavaThread "Attach Listener" daemon [_thread_blocked, id=2712, stack(0x000000001eac0000,0x000000001ebc0000)]
  0x000000001e4f5000 JavaThread "Signal Dispatcher" daemon [_thread_blocked, id=13908, stack(0x000000001e9c0000,0x000000001eac0000)]
  0x0000000002bc9800 JavaThread "Finalizer" daemon [_thread_blocked, id=22612, stack(0x000000001e8c0000,0x000000001e9c0000)]
  0x0000000002bc8000 JavaThread "Reference Handler" daemon [_thread_blocked, id=5916, stack(0x000000001e3c0000,0x000000001e4c0000)]
  0x0000000002ace000 JavaThread "main" [_thread_in_native, id=29564, stack(0x0000000002460000,0x0000000002560000)]

Other Threads:
  0x000000001c5ea800 VMThread [stack: 0x000000001e2c0000,0x000000001e3c0000] [id=29316]
  0x000000001e664800 WatcherThread [stack: 0x000000001f1c0000,0x000000001f2c0000] [id=7220]

VM state:not at safepoint (normal execution)

VM Mutex/Monitor currently owned by a thread: None

Heap:
 PSYoungGen      total 76288K, used 62408K [0x000000076b400000, 0x0000000770900000, 0x00000007c0000000)
  eden space 65536K, 80% used [0x000000076b400000,0x000000076e783410,0x000000076f400000)
  from space 10752K, 89% used [0x000000076f400000,0x000000076fd6ec08,0x000000076fe80000)
  to   space 10752K, 0% used [0x000000076fe80000,0x000000076fe80000,0x0000000770900000)
 ParOldGen       total 175104K, used 16K [0x00000006c1c00000, 0x00000006cc700000, 0x000000076b400000)
  object space 175104K, 0% used [0x00000006c1c00000,0x00000006c1c04000,0x00000006cc700000)
 Metaspace       used 16108K, capacity 16422K, committed 16640K, reserved 1064960K
  class space    used 1935K, capacity 2046K, committed 2048K, reserved 1048576K

Card table byte_map: [0x0000000011f90000,0x0000000012790000] byte_map_base: 0x000000000e982000

Marking Bits: (ParMarkBitMap*) 0x000000006ebad850
 Begin Bits: [0x00000000134e0000, 0x0000000017470000)
 End Bits:   [0x0000000017470000, 0x000000001b400000)

Polling page: 0x0000000000690000

CodeCache: size=245760Kb used=7301Kb max_used=7301Kb free=238458Kb
 bounds [0x0000000002bd0000, 0x0000000003300000, 0x0000000011bd0000]
 total_blobs=2474 nmethods=2101 adapters=285
 compilation: enabled

Compilation events (10 events):
Event: 3.506 Thread 0x000000001e5a9000 2090       1       org.apache.maven.model.Build::getOutputDirectory (5 bytes)
Event: 3.507 Thread 0x000000001e5a9000 nmethod 2090 0x00000000032ec3d0 code [0x00000000032ec520, 0x00000000032ec630]
Event: 3.507 Thread 0x000000001e5a9000 2091       1       org.apache.maven.model.RepositoryBase::getName (5 bytes)
Event: 3.507 Thread 0x000000001e5a9000 nmethod 2091 0x00000000032ee750 code [0x00000000032ee8a0, 0x00000000032ee9b0]
Event: 3.509 Thread 0x000000001e594800 nmethod 2087 0x00000000032f4910 code [0x00000000032f4a40, 0x00000000032f4b18]
Event: 3.512 Thread 0x000000001e594800 2092  s    4       java.util.Hashtable::get (69 bytes)
Event: 3.516 Thread 0x000000001e5a9000 2093       1       org.apache.maven.model.RepositoryPolicy::getUpdatePolicy (5 bytes)
Event: 3.516 Thread 0x000000001e5a9000 nmethod 2093 0x00000000032ee490 code [0x00000000032ee5e0, 0x00000000032ee6f0]
Event: 3.517 Thread 0x000000001e5a9000 2094       3       java.util.regex.Pattern$CharProperty::study (29 bytes)
Event: 3.517 Thread 0x000000001e5a9000 nmethod 2094 0x00000000032f5f50 code [0x00000000032f60c0, 0x00000000032f6308]

GC Heap History (2 events):
Event: 2.156 GC heap before
{Heap before GC invocations=1 (full 0):
 PSYoungGen      total 76288K, used 65536K [0x000000076b400000, 0x0000000770900000, 0x00000007c0000000)
  eden space 65536K, 100% used [0x000000076b400000,0x000000076f400000,0x000000076f400000)
  from space 10752K, 0% used [0x000000076fe80000,0x000000076fe80000,0x0000000770900000)
  to   space 10752K, 0% used [0x000000076f400000,0x000000076f400000,0x000000076fe80000)
 ParOldGen       total 175104K, used 0K [0x00000006c1c00000, 0x00000006cc700000, 0x000000076b400000)
  object space 175104K, 0% used [0x00000006c1c00000,0x00000006c1c00000,0x00000006cc700000)
 Metaspace       used 11777K, capacity 12034K, committed 12288K, reserved 1060864K
  class space    used 1443K, capacity 1518K, committed 1536K, reserved 1048576K
Event: 2.165 GC heap after
Heap after GC invocations=1 (full 0):
 PSYoungGen      total 76288K, used 9659K [0x000000076b400000, 0x0000000770900000, 0x00000007c0000000)
  eden space 65536K, 0% used [0x000000076b400000,0x000000076b400000,0x000000076f400000)
  from space 10752K, 89% used [0x000000076f400000,0x000000076fd6ec08,0x000000076fe80000)
  to   space 10752K, 0% used [0x000000076fe80000,0x000000076fe80000,0x0000000770900000)
 ParOldGen       total 175104K, used 16K [0x00000006c1c00000, 0x00000006cc700000, 0x000000076b400000)
  object space 175104K, 0% used [0x00000006c1c00000,0x00000006c1c04000,0x00000006cc700000)
 Metaspace       used 11777K, capacity 12034K, committed 12288K, reserved 1060864K
  class space    used 1443K, capacity 1518K, committed 1536K, reserved 1048576K
}

Deoptimization events (10 events):
Event: 2.797 Thread 0x0000000002ace000 Uncommon trap: reason=bimorphic action=maybe_recompile pc=0x0000000002f78378 method=java.util.HashMap.putVal(ILjava/lang/Object;Ljava/lang/Object;ZZ)Ljava/lang/Object; @ 203
Event: 2.797 Thread 0x0000000002ace000 Uncommon trap: reason=bimorphic action=maybe_recompile pc=0x0000000002f78378 method=java.util.HashMap.putVal(ILjava/lang/Object;Ljava/lang/Object;ZZ)Ljava/lang/Object; @ 203
Event: 2.797 Thread 0x0000000002ace000 Uncommon trap: reason=bimorphic action=maybe_recompile pc=0x0000000002f78378 method=java.util.HashMap.putVal(ILjava/lang/Object;Ljava/lang/Object;ZZ)Ljava/lang/Object; @ 203
Event: 2.797 Thread 0x0000000002ace000 Uncommon trap: reason=bimorphic action=maybe_recompile pc=0x0000000002f78378 method=java.util.HashMap.putVal(ILjava/lang/Object;Ljava/lang/Object;ZZ)Ljava/lang/Object; @ 203
Event: 2.869 Thread 0x0000000002ace000 Uncommon trap: reason=bimorphic action=maybe_recompile pc=0x0000000002f75700 method=java.util.HashMap.putVal(ILjava/lang/Object;Ljava/lang/Object;ZZ)Ljava/lang/Object; @ 203
Event: 2.908 Thread 0x0000000002ace000 Uncommon trap: reason=unstable_if action=reinterpret pc=0x00000000031b508c method=org.codehaus.plexus.util.xml.pull.MXParser.nextImpl()I @ 879
Event: 3.108 Thread 0x0000000002ace000 Uncommon trap: reason=unstable_if action=reinterpret pc=0x0000000002fcf9e0 method=java.lang.String.regionMatches(ZILjava/lang/String;II)Z @ 25
Event: 3.132 Thread 0x0000000002ace000 Uncommon trap: reason=null_check action=make_not_entrant pc=0x0000000003268e84 method=org.apache.maven.model.io.xpp3.MavenXpp3ReaderEx.checkFieldWithDuplicate(Lorg/codehaus/plexus/util/xml/pull/XmlPullParser;Ljava/lang/String;Ljava/lang/String;Ljava/util/
Event: 3.137 Thread 0x0000000002ace000 Uncommon trap: reason=unstable_if action=reinterpret pc=0x0000000003264944 method=org.apache.maven.model.validation.DefaultModelValidator.isValidIdCharacter(C)Z @ 51
Event: 3.409 Thread 0x0000000002ace000 Uncommon trap: reason=null_check action=make_not_entrant pc=0x00000000032db228 method=org.apache.maven.model.io.xpp3.MavenXpp3Reader.checkFieldWithDuplicate(Lorg/codehaus/plexus/util/xml/pull/XmlPullParser;Ljava/lang/String;Ljava/lang/String;Ljava/util/Se

Internal exceptions (10 events):
Event: 1.884 Thread 0x0000000002ace000 Exception <a 'java/lang/ArrayIndexOutOfBoundsException': 66> (0x000000076db73a20) thrown at [C:\re\workspace\8-2-build-windows-amd64-cygwin\jdk8u141\9370\hotspot\src\share\vm\interpreter\interpreterRuntime.cpp, line 366]
Event: 1.890 Thread 0x0000000002ace000 Exception <a 'java/lang/ArrayIndexOutOfBoundsException': 66> (0x000000076dc0ace8) thrown at [C:\re\workspace\8-2-build-windows-amd64-cygwin\jdk8u141\9370\hotspot\src\share\vm\interpreter\interpreterRuntime.cpp, line 366]
Event: 2.445 Thread 0x0000000002ace000 Exception <a 'java/lang/NoClassDefFoundError': com/google/inject/servlet/ServletModuleTargetVisitor> (0x000000076c5dae78) thrown at [C:\re\workspace\8-2-build-windows-amd64-cygwin\jdk8u141\9370\hotspot\src\share\vm\classfile\systemDictionary.cpp, line 199
Event: 2.445 Thread 0x0000000002ace000 Exception <a 'java/lang/NoClassDefFoundError'> (0x000000076c5dae78) thrown at [C:\re\workspace\8-2-build-windows-amd64-cygwin\jdk8u141\9370\hotspot\src\share\vm\prims\jvm.cpp, line 1394]
Event: 2.445 Thread 0x0000000002ace000 Exception <a 'java/lang/NoClassDefFoundError': javax/annotation/Priority> (0x000000076c5df830) thrown at [C:\re\workspace\8-2-build-windows-amd64-cygwin\jdk8u141\9370\hotspot\src\share\vm\classfile\systemDictionary.cpp, line 199]
Event: 2.546 Thread 0x0000000002ace000 Implicit null exception at 0x0000000002d6d499 to 0x0000000002d6d68d
Event: 2.711 Thread 0x0000000002ace000 Implicit null exception at 0x0000000002f000d6 to 0x0000000002f00481
Event: 2.711 Thread 0x0000000002ace000 Implicit null exception at 0x0000000002dce657 to 0x0000000002dcea75
Event: 3.132 Thread 0x0000000002ace000 Implicit null exception at 0x0000000003267b32 to 0x0000000003268e6d
Event: 3.409 Thread 0x0000000002ace000 Implicit null exception at 0x00000000032dafc3 to 0x00000000032db20d

Events (10 events):
Event: 3.252 loading class org/apache/maven/model/io/xpp3/MavenXpp3Reader$1 done
Event: 3.253 loading class org/apache/maven/repository/internal/DefaultModelCache$Key
Event: 3.253 loading class org/apache/maven/repository/internal/DefaultModelCache$Key done
Event: 3.296 Executing VM operation: ForceSafepoint
Event: 3.296 Executing VM operation: ForceSafepoint done
Event: 3.388 loading class java/util/ArrayList$1
Event: 3.389 loading class java/util/ArrayList$1 done
Event: 3.409 Thread 0x0000000002ace000 Uncommon trap: trap_request=0xfffffff4 fr.pc=0x00000000032db228
Event: 3.409 Thread 0x0000000002ace000 DEOPT PACKING pc=0x00000000032db228 sp=0x000000000255d2b0
Event: 3.409 Thread 0x0000000002ace000 DEOPT UNPACKING pc=0x0000000002c1582a sp=0x000000000255d270 mode 2


Dynamic libraries:
0x00007ff71ee40000 - 0x00007ff71ee77000 	D:\jdk\bin\java.exe
0x00007fffe64e0000 - 0x00007fffe66d0000 	C:\WINDOWS\SYSTEM32\ntdll.dll
0x00007fffe4f70000 - 0x00007fffe5022000 	C:\WINDOWS\System32\KERNEL32.DLL
0x00007fffe41f0000 - 0x00007fffe4495000 	C:\WINDOWS\System32\KERNELBASE.dll
0x00007fffe5040000 - 0x00007fffe50e3000 	C:\WINDOWS\System32\ADVAPI32.dll
0x00007fffe6040000 - 0x00007fffe60de000 	C:\WINDOWS\System32\msvcrt.dll
0x00007fffe50f0000 - 0x00007fffe5187000 	C:\WINDOWS\System32\sechost.dll
0x00007fffe4590000 - 0x00007fffe46af000 	C:\WINDOWS\System32\RPCRT4.dll
0x00007fffe4d00000 - 0x00007fffe4e94000 	C:\WINDOWS\System32\USER32.dll
0x00007fffe3e60000 - 0x00007fffe3e81000 	C:\WINDOWS\System32\win32u.dll
0x00007fffe46b0000 - 0x00007fffe46d6000 	C:\WINDOWS\System32\GDI32.dll
0x00007fffe3f20000 - 0x00007fffe40b8000 	C:\WINDOWS\System32\gdi32full.dll
0x00007fffe44f0000 - 0x00007fffe458e000 	C:\WINDOWS\System32\msvcp_win.dll
0x00007fffe40c0000 - 0x00007fffe41ba000 	C:\WINDOWS\System32\ucrtbase.dll
0x00007fffd1950000 - 0x00007fffd1bd4000 	C:\WINDOWS\WinSxS\amd64_microsoft.windows.common-controls_6595b64144ccf1df_6.0.18362.1556_none_9e7e372fe45e41d5\COMCTL32.dll
0x00007fffe6100000 - 0x00007fffe6436000 	C:\WINDOWS\System32\combase.dll
0x00007fffe3e90000 - 0x00007fffe3f11000 	C:\WINDOWS\System32\bcryptPrimitives.dll
0x00007fffe5470000 - 0x00007fffe549e000 	C:\WINDOWS\System32\IMM32.DLL
0x000000006ec30000 - 0x000000006ed02000 	D:\jdk\jre\bin\msvcr100.dll
0x000000006e390000 - 0x000000006ec2d000 	D:\jdk\jre\bin\server\jvm.dll
0x00007fffe57d0000 - 0x00007fffe57d8000 	C:\WINDOWS\System32\PSAPI.DLL
0x00007fffe1350000 - 0x00007fffe1374000 	C:\WINDOWS\SYSTEM32\WINMM.dll
0x00007fffca010000 - 0x00007fffca019000 	C:\WINDOWS\SYSTEM32\WSOCK32.dll
0x00007fffd5ef0000 - 0x00007fffd5efa000 	C:\WINDOWS\SYSTEM32\VERSION.dll
0x00007fffe54a0000 - 0x00007fffe550f000 	C:\WINDOWS\System32\WS2_32.dll
0x00007fffe0e90000 - 0x00007fffe0ebd000 	C:\WINDOWS\SYSTEM32\WINMMBASE.dll
0x00007fffe44a0000 - 0x00007fffe44ea000 	C:\WINDOWS\System32\cfgmgr32.dll
0x000000006e380000 - 0x000000006e38f000 	D:\jdk\jre\bin\verify.dll
0x000000006e350000 - 0x000000006e379000 	D:\jdk\jre\bin\java.dll
0x000000006e230000 - 0x000000006e253000 	D:\jdk\jre\bin\instrument.dll
0x000000006e330000 - 0x000000006e346000 	D:\jdk\jre\bin\zip.dll
0x00007fffe58d0000 - 0x00007fffe5fb7000 	C:\WINDOWS\System32\SHELL32.dll
0x00007fffe5720000 - 0x00007fffe57c8000 	C:\WINDOWS\System32\shcore.dll
0x00007fffe3450000 - 0x00007fffe3bcb000 	C:\WINDOWS\System32\windows.storage.dll
0x00007fffe33a0000 - 0x00007fffe33be000 	C:\WINDOWS\System32\profapi.dll
0x00007fffe33e0000 - 0x00007fffe342a000 	C:\WINDOWS\System32\powrprof.dll
0x00007fffe3390000 - 0x00007fffe33a0000 	C:\WINDOWS\System32\UMPDC.dll
0x00007fffe5190000 - 0x00007fffe51e2000 	C:\WINDOWS\System32\shlwapi.dll
0x00007fffe3430000 - 0x00007fffe3441000 	C:\WINDOWS\System32\kernel.appcore.dll
0x00007fffe3c80000 - 0x00007fffe3c97000 	C:\WINDOWS\System32\cryptsp.dll
0x00007fffdfbc0000 - 0x00007fffdfbda000 	D:\JetBrains\IntelliJ IDEA 2020.1\bin\breakgen64.dll
0x000000006e300000 - 0x000000006e31a000 	D:\jdk\jre\bin\net.dll
0x00007fffe2bd0000 - 0x00007fffe2c37000 	C:\WINDOWS\system32\mswsock.dll
0x00007fffe2750000 - 0x00007fffe2783000 	C:\WINDOWS\system32\rsaenh.dll
0x00007fffe41c0000 - 0x00007fffe41e6000 	C:\WINDOWS\System32\bcrypt.dll
0x00007fffe3280000 - 0x00007fffe32a5000 	C:\WINDOWS\SYSTEM32\USERENV.dll
0x00007fffe2da0000 - 0x00007fffe2dac000 	C:\WINDOWS\SYSTEM32\CRYPTBASE.dll
0x00007fffe28e0000 - 0x00007fffe291a000 	C:\WINDOWS\SYSTEM32\IPHLPAPI.DLL
0x00007fffe4bb0000 - 0x00007fffe4bb8000 	C:\WINDOWS\System32\NSI.dll
0x00007fffdb8c0000 - 0x00007fffdb8d6000 	C:\WINDOWS\SYSTEM32\dhcpcsvc6.DLL
0x00007fffdaff0000 - 0x00007fffdb00c000 	C:\WINDOWS\SYSTEM32\dhcpcsvc.DLL
0x00007fffe2920000 - 0x00007fffe29eb000 	C:\WINDOWS\SYSTEM32\DNSAPI.dll
0x000000006e2e0000 - 0x000000006e2f1000 	D:\jdk\jre\bin\nio.dll
0x00007fffdfca0000 - 0x00007fffdfcaa000 	C:\Users\liuze\AppData\Local\Temp\jansi-1.17.1-9026640381634039342.dll
0x00007fffdfc40000 - 0x00007fffdfc4a000 	C:\Users\liuze\AppData\Local\Temp\jansi-1.17.1-177925359449591000.dll

VM Arguments:
jvm_args: -Dmaven.multiModuleProjectDirectory=D:\IdeaProjects\test\lzTest\demo -Dmaven.home=D:\maven\apache-maven-3.6.2 -Dclassworlds.conf=D:\maven\apache-maven-3.6.2\bin\m2.conf -Dmaven.ext.class.path=D:\JetBrains\IntelliJ IDEA 2020.1\plugins\maven\lib\maven-event-listener.jar -javaagent:D:\JetBrains\IntelliJ IDEA 2020.1\lib\idea_rt.jar=49572:D:\JetBrains\IntelliJ IDEA 2020.1\bin -Dfile.encoding=UTF-8 
java_command: org.codehaus.classworlds.Launcher -Didea.version2020.1 clean
java_class_path (initial): D:\maven\apache-maven-3.6.2\boot\plexus-classworlds-2.6.0.jar;D:\JetBrains\IntelliJ IDEA 2020.1\lib\idea_rt.jar
Launcher Type: SUN_STANDARD

Environment Variables:
JAVA_HOME=D:\jdk
PATH=D:\jdk\bin;D:\tomcat\apache-tomcat-8.5.50\lib;D:\tomcat\apache-tomcat-8.5.50\bin;C:\Windows\system32;C:\Windows;C:\Windows\System32\Wbem;C:\Windows\System32\WindowsPowerShell\v1.0\;C:\Windows\System32\OpenSSH\;C:\Program Files (x86)\Intel\Intel(R) Management Engine Components\DAL;C:\Program Files\Intel\Intel(R) Management Engine Components\DAL;C:\Program Files\Intel\WiFi\bin\;C:\Program Files\Common Files\Intel\WirelessCommon\;C:\Program Files (x86)\NVIDIA Corporation\PhysX\Common;C:\Program Files\NVIDIA Corporation\NVIDIA NvDLISR;D:\maven\apache-maven-3.6.2\bin;%MYSQL_HOME%\bin;D:\Git\cmd;D:\nodejs;C:\WINDOWS\system32;C:\WINDOWS;C:\WINDOWS\System32\Wbem;C:\WINDOWS\System32\WindowsPowerShell\v1.0\;C:\WINDOWS\System32\OpenSSH\;D:\nodejs\;D:\TortoiseGit\bin;D:\Python\Python39-32;C:\Users\liuze\AppData\Local\Microsoft\WindowsApps;C:\Users\liuze\AppData\Local\BypassRuntm;C:\Program Files\Intel\WiFi\bin\;C:\Program Files\Common Files\Intel\WirelessCommon\;C:\Users\liuze\AppData\Local\Microsoft\WindowsApps;D:\VSCode\bin;C:\Users\liuze\AppData\Roaming\npm;D:\Python;
USERNAME=liuze
OS=Windows_NT
PROCESSOR_IDENTIFIER=Intel64 Family 6 Model 142 Stepping 12, GenuineIntel



---------------  S Y S T E M  ---------------

OS: Windows 10.0 , 64 bit Build 18362 (10.0.18362.1500)

CPU:total 8 (initial active 8) (4 cores per cpu, 2 threads per core) family 6 model 142 stepping 12, cmov, cx8, fxsr, mmx, sse, sse2, sse3, ssse3, sse4.1, sse4.2, popcnt, avx, avx2, aes, clmul, erms, 3dnowpref, lzcnt, ht, tsc, tscinvbit, bmi1, bmi2, adx

Memory: 4k page, physical 16657696k(1111664k free), swap 36243636k(436k free)

vm_info: Java HotSpot(TM) 64-Bit Server VM (25.141-b15) for windows-amd64 JRE (1.8.0_141-b15), built on Jul 12 2017 04:25:12 by "java_re" with MS VC++ 10.0 (VS2010)

time: Thu Jun 17 15:55:04 2021
elapsed time: 3 seconds (0d 0h 0m 3s)

